Unity Editor version:    2020.3.32f1 (12f8b0834f07)
Branch:                  2020.3/staging
Build type:              Release
Batch mode:              YES
macOS version:           Version 12.2.1 (Build 21D62)
Darwin version:          21.3.0
Architecture:            x86_64
Running under Rosetta:   YES
Available memory:        8192 MB
Using pre-set license
Pro License: NO

COMMAND LINE ARGUMENTS:
/Applications/Unity/Hub/Editor/2020.3.32f1/Unity.app/Contents/MacOS/Unity
-adb2
-batchMode
-noUpm
-name
AssetImportWorker0
-projectPath
/Users/glebkochergin/Desktop/GameOP/BPGameOfThree/Game bp
-logFile
Logs/AssetImportWorker0.log
-srvPort
59748
Successfully changed project path to: /Users/glebkochergin/Desktop/GameOP/BPGameOfThree/Game bp
/Users/glebkochergin/Desktop/GameOP/BPGameOfThree/Game bp
Using Asset Import Pipeline V2.
Refreshing native plugins compatible for Editor in 65.48 ms, found 3 plugins.
Preloading 0 native plugins for Editor in 0.00 ms.
Initialize engine version: 2020.3.32f1 (12f8b0834f07)
[Subsystems] Discovering subsystems at path /Applications/Unity/Hub/Editor/2020.3.32f1/Unity.app/Contents/Resources/UnitySubsystems
[Subsystems] Discovering subsystems at path /Users/glebkochergin/Desktop/GameOP/BPGameOfThree/Game bp/Assets
GfxDevice: creating device client; threaded=0
2022-04-16 00:22:26.313 Unity[10332:1674827] (null) preferred device: Apple M1 (high power)
2022-04-16 00:22:26.313 Unity[10332:1674827] Metal devices available: 1
2022-04-16 00:22:26.313 Unity[10332:1674827] 0: Apple M1 (high power)
2022-04-16 00:22:26.313 Unity[10332:1674827] Using device Apple M1 (high power)
Initializing Metal device caps: Apple M1
Initialize mono
Mono path[0] = '/Applications/Unity/Hub/Editor/2020.3.32f1/Unity.app/Contents/Managed'
Mono path[1] = '/Applications/Unity/Hub/Editor/2020.3.32f1/Unity.app/Contents/MonoBleedingEdge/lib/mono/unityjit'
Mono config path = '/Applications/Unity/Hub/Editor/2020.3.32f1/Unity.app/Contents/MonoBleedingEdge/etc'
Using monoOptions --debugger-agent=transport=dt_socket,embedding=1,server=y,suspend=n,address=127.0.0.1:56332
Begin MonoManager ReloadAssembly
Registering precompiled unity dll's ...
Register platform support module: /Applications/Unity/Hub/Editor/2020.3.32f1/Unity.app/Contents/PlaybackEngines/MacStandaloneSupport/UnityEditor.OSXStandalone.Extensions.dll
Register platform support module: /Applications/Unity/Hub/Editor/2020.3.32f1/PlaybackEngines/WindowsStandaloneSupport/UnityEditor.WindowsStandalone.Extensions.dll
Registered in 0.001101 seconds.
Native extension for WindowsStandalone target not found
Native extension for OSXStandalone target not found
Refreshing native plugins compatible for Editor in 57.47 ms, found 3 plugins.
Preloading 0 native plugins for Editor in 0.00 ms.
Mono: successfully reloaded assembly
- Completed reload, in  1.284 seconds
Domain Reload Profiling:
	ReloadAssembly (1284ms)
		BeginReloadAssembly (114ms)
			ExecutionOrderSort (0ms)
			DisableScriptedObjects (0ms)
			BackupInstance (0ms)
			ReleaseScriptingObjects (0ms)
			CreateAndSetChildDomain (2ms)
		EndReloadAssembly (1050ms)
			LoadAssemblies (112ms)
			RebuildTransferFunctionScriptingTraits (1ms)
			SetupTypeCache (188ms)
			ReleaseScriptCaches (0ms)
			RebuildScriptCaches (43ms)
			SetupLoadedEditorAssemblies (518ms)
				LogAssemblyErrors (0ms)
				InitializePlatformSupportModulesInManaged (13ms)
				SetLoadedEditorAssemblies (0ms)
				RefreshPlugins (57ms)
				BeforeProcessingInitializeOnLoad (27ms)
				ProcessInitializeOnLoadAttributes (308ms)
				ProcessInitializeOnLoadMethodAttributes (112ms)
				AfterProcessingInitializeOnLoad (0ms)
				EditorAssembliesLoaded (1ms)
			ExecutionOrderSort2 (0ms)
			AwakeInstancesAfterBackupRestoration (0ms)
Platform modules already initialized, skipping
Registering precompiled user dll's ...
Registered in 0.002912 seconds.
Begin MonoManager ReloadAssembly
Native extension for WindowsStandalone target not found
Native extension for OSXStandalone target not found
Refreshing native plugins compatible for Editor in 56.76 ms, found 3 plugins.
Preloading 0 native plugins for Editor in 0.00 ms.
Mono: successfully reloaded assembly
- Completed reload, in  2.786 seconds
Domain Reload Profiling:
	ReloadAssembly (2788ms)
		BeginReloadAssembly (287ms)
			ExecutionOrderSort (0ms)
			DisableScriptedObjects (32ms)
			BackupInstance (0ms)
			ReleaseScriptingObjects (0ms)
			CreateAndSetChildDomain (30ms)
		EndReloadAssembly (2402ms)
			LoadAssemblies (388ms)
			RebuildTransferFunctionScriptingTraits (0ms)
			SetupTypeCache (493ms)
			ReleaseScriptCaches (1ms)
			RebuildScriptCaches (63ms)
			SetupLoadedEditorAssemblies (1176ms)
				LogAssemblyErrors (0ms)
				InitializePlatformSupportModulesInManaged (11ms)
				SetLoadedEditorAssemblies (0ms)
				RefreshPlugins (57ms)
				BeforeProcessingInitializeOnLoad (166ms)
				ProcessInitializeOnLoadAttributes (795ms)
				ProcessInitializeOnLoadMethodAttributes (147ms)
				AfterProcessingInitializeOnLoad (1ms)
				EditorAssembliesLoaded (0ms)
			ExecutionOrderSort2 (0ms)
			AwakeInstancesAfterBackupRestoration (34ms)
Platform modules already initialized, skipping
Validating Project structure ... 0.003652 seconds.
Shader import version has changed; will reimport all shaders...
Upgrading shader files ...0.004525 seconds.
Application.AssetDatabase Initial Script Refresh Start
RefreshInfo: InitialScriptRefreshV2(NoUpdateAssetOptions) scanfilter:  ... 1 filters
RefreshProfiler: Total: 0.000ms
Application.AssetDatabase Initial Script Refresh End
Application.AssetDatabase.Refresh Start
Application.AssetDatabase.Refresh End
RefreshInfo: StopAssetImportingV2(ForceSynchronousImport) scanfilter: 
RefreshProfiler: Total: 0.000ms
Launching external process: /Applications/Unity/Hub/Editor/2020.3.32f1/Unity.app/Contents/Tools/UnityShaderCompiler
Launched and connected shader compiler UnityShaderCompiler after 0.16 seconds
Initializing Unity extensions:
2022-04-16 00:22:32.076 Unity[10332:1674827] NSEventModifierFlagFunction specified to -setKeyEquivalentModifierMask: for item <NSMenuItem: 0x600001f11420 Font Asset, ke='Command-F12'>, but is only supported for system-provided menu items; will not be used
2022-04-16 00:22:32.079 Unity[10332:1674827] NSEventModifierFlagFunction specified to -setKeyEquivalentModifierMask: for item <NSMenuItem: 0x600001f64b60 Font Asset, ke='Command-F12'>, but is only supported for system-provided menu items; will not be used
========================================================================
Worker process is ready to serve import requests
Refreshing native plugins compatible for Editor in 0.86 ms, found 3 plugins.
Preloading 0 native plugins for Editor in 0.00 ms.
Unloading 2758 Unused Serialized files (Serialized files now loaded: 0)
System memory in use before: 230.5 MB.
System memory in use after: 229.6 MB.

Unloading 160 unused Assets to reduce memory usage. Loaded Objects now: 3198.
Total: 8.785834 ms (FindLiveObjects: 0.139791 ms CreateObjectMapping: 0.057417 ms MarkObjects: 8.048291 ms  DeleteObjects: 0.539167 ms)

AssetImportParameters requested are different than current active one (requested -> active):
  custom:video-decoder-ogg-theora: a1e56fd34408186e4bbccfd4996cb3dc -> 
  custom:container-muxer-webm: aa71ff27fc2769a1b78a27578f13a17b -> 
  custom:container-demuxer-webm: 4f35f7cbe854078d1ac9338744f61a02 -> 
  custom:container-demuxer-ogg: 62fdf1f143b41e24485cea50d1cbac27 -> 
  custom:video-encoder-webm-vp8: eb34c28f22e8b96e1ab97ce403110664 -> 
  custom:framework-osx-AVFoundation: e770b220cccbd017edd2c1fefb359320 -> 
  custom:video-decoder-webm-vp8: 9c59270c3fd7afecdb556c50c9e8de78 -> 
  custom:audio-decoder-ogg-vorbis: bf7c407c2cedff20999df2af8eb42d56 -> 
  custom:audio-encoder-webm-vorbis: bf7c407c2cedff20999df2af8eb42d56 -> 
========================================================================
Received Import Request.
  path: Assets/IMG_3351.PNG
  artifactKey: Guid(6d02a5a68fda2314aa30870929aba714) Importer(815301076,1909f56bfc062723c751e8b465ee728b)
Start importing Assets/IMG_3351.PNG using Guid(6d02a5a68fda2314aa30870929aba714) Importer(815301076,1909f56bfc062723c751e8b465ee728b)  -> (artifact id: 'e62a71328f83b1c33b20704fc4f49dac') in 0.777181 seconds 
========================================================================
Received Import Request.
  Time since last request: 34.155991 seconds.
  path: Assets/Scenes
  artifactKey: Guid(131a6b21c8605f84396be9f6751fb6e3) Importer(815301076,1909f56bfc062723c751e8b465ee728b)
Start importing Assets/Scenes using Guid(131a6b21c8605f84396be9f6751fb6e3) Importer(815301076,1909f56bfc062723c751e8b465ee728b)  -> (artifact id: 'df75b7d1a31c5b4f73fd45661b403b04') in 0.002716 seconds 
========================================================================
Received Import Request.
  Time since last request: 1.685285 seconds.
  path: Assets/Scenes/SampleScene.unity
  artifactKey: Guid(2cda990e2423bbf4892e6590ba056729) Importer(815301076,1909f56bfc062723c751e8b465ee728b)
Start importing Assets/Scenes/SampleScene.unity using Guid(2cda990e2423bbf4892e6590ba056729) Importer(815301076,1909f56bfc062723c751e8b465ee728b)  -> (artifact id: '1b55ffc088c6b7500633c2ba1c9017c8') in 0.001083 seconds 
========================================================================
Received Import Request.
  Time since last request: 30.702984 seconds.
  path: Assets/2D_urban_cars
  artifactKey: Guid(88325e1f68cd74653b4915e20930e617) Importer(815301076,1909f56bfc062723c751e8b465ee728b)
Start importing Assets/2D_urban_cars using Guid(88325e1f68cd74653b4915e20930e617) Importer(815301076,1909f56bfc062723c751e8b465ee728b)  -> (artifact id: '148094eb474d07ca31def54fd4e22686') in 0.004227 seconds 
========================================================================
Received Import Request.
  Time since last request: 0.787006 seconds.
  path: Assets/2D_urban_cars/prefabs
  artifactKey: Guid(f07b268e8a8134544a2e36dde001e423) Importer(815301076,1909f56bfc062723c751e8b465ee728b)
Start importing Assets/2D_urban_cars/prefabs using Guid(f07b268e8a8134544a2e36dde001e423) Importer(815301076,1909f56bfc062723c751e8b465ee728b)  -> (artifact id: '94d50192223e91768398604d24949727') in 0.001302 seconds 
========================================================================
Received Import Request.
  Time since last request: 0.062094 seconds.
  path: Assets/2D_urban_cars/prefabs/4x4_blue.prefab
  artifactKey: Guid(332e0e9fe16bf4567ae4083692f4fcbd) Importer(815301076,1909f56bfc062723c751e8b465ee728b)
Start importing Assets/2D_urban_cars/prefabs/4x4_blue.prefab using Guid(332e0e9fe16bf4567ae4083692f4fcbd) Importer(815301076,1909f56bfc062723c751e8b465ee728b)  -> (artifact id: 'a8245a5b7622bd26abd9f6e765d02f48') in 0.232496 seconds 
========================================================================
Received Import Request.
  Time since last request: 0.000254 seconds.
  path: Assets/2D_urban_cars/prefabs/touringcar_white.prefab
  artifactKey: Guid(16e3767e137ac4d72a3c4b489e555f9b) Importer(815301076,1909f56bfc062723c751e8b465ee728b)
Start importing Assets/2D_urban_cars/prefabs/touringcar_white.prefab using Guid(16e3767e137ac4d72a3c4b489e555f9b) Importer(815301076,1909f56bfc062723c751e8b465ee728b)  -> (artifact id: '8c2130fab61a4d6de39bcdb01fb6b36b') in 0.018277 seconds 
========================================================================
Received Import Request.
  Time since last request: 0.000206 seconds.
  path: Assets/2D_urban_cars/prefabs/cabrio_red.prefab
  artifactKey: Guid(6b8fa8afafecb41918297b8d694e008a) Importer(815301076,1909f56bfc062723c751e8b465ee728b)
Start importing Assets/2D_urban_cars/prefabs/cabrio_red.prefab using Guid(6b8fa8afafecb41918297b8d694e008a) Importer(815301076,1909f56bfc062723c751e8b465ee728b)  -> (artifact id: 'c071717c6aa85698a8506367ab4a1262') in 0.011997 seconds 
========================================================================
Received Import Request.
  Time since last request: 0.000191 seconds.
  path: Assets/2D_urban_cars/prefabs/4x4_white.prefab
  artifactKey: Guid(15f754372833a4ce8be9c962ee0bb874) Importer(815301076,1909f56bfc062723c751e8b465ee728b)
Start importing Assets/2D_urban_cars/prefabs/4x4_white.prefab using Guid(15f754372833a4ce8be9c962ee0bb874) Importer(815301076,1909f56bfc062723c751e8b465ee728b)  -> (artifact id: '1204fc3b3029f58960d2cf56fcc279ec') in 0.015449 seconds 
========================================================================
Received Import Request.
  Time since last request: 0.000162 seconds.
  path: Assets/2D_urban_cars/prefabs/minicar_black.prefab
  artifactKey: Guid(f86261f66904e4852be422726704ee91) Importer(815301076,1909f56bfc062723c751e8b465ee728b)
Start importing Assets/2D_urban_cars/prefabs/minicar_black.prefab using Guid(f86261f66904e4852be422726704ee91) Importer(815301076,1909f56bfc062723c751e8b465ee728b)  -> (artifact id: 'a3eea95f9f8652c2f7bf36a307800444') in 0.011403 seconds 
========================================================================
Received Import Request.
  Time since last request: 0.000215 seconds.
  path: Assets/2D_urban_cars/prefabs/touringcar_dark.prefab
  artifactKey: Guid(553f3d7d25fcb410e90399baccc8e68a) Importer(815301076,1909f56bfc062723c751e8b465ee728b)
Start importing Assets/2D_urban_cars/prefabs/touringcar_dark.prefab using Guid(553f3d7d25fcb410e90399baccc8e68a) Importer(815301076,1909f56bfc062723c751e8b465ee728b)  -> (artifact id: 'e7ae487e41e357730cb968d4ded34327') in 0.013683 seconds 
========================================================================
Received Import Request.
  Time since last request: 0.000175 seconds.
  path: Assets/2D_urban_cars/prefabs/4x4_green.prefab
  artifactKey: Guid(384aea985b03744478ae103e04ec6715) Importer(815301076,1909f56bfc062723c751e8b465ee728b)
Start importing Assets/2D_urban_cars/prefabs/4x4_green.prefab using Guid(384aea985b03744478ae103e04ec6715) Importer(815301076,1909f56bfc062723c751e8b465ee728b)  -> (artifact id: 'ca29adb084747ad9a2c0be07daeea6d5') in 0.010700 seconds 
========================================================================
Received Import Request.
  Time since last request: 0.000159 seconds.
  path: Assets/2D_urban_cars/prefabs/minicar_blue.prefab
  artifactKey: Guid(b6f7190ef760f4bf3ae95c8716f03051) Importer(815301076,1909f56bfc062723c751e8b465ee728b)
Start importing Assets/2D_urban_cars/prefabs/minicar_blue.prefab using Guid(b6f7190ef760f4bf3ae95c8716f03051) Importer(815301076,1909f56bfc062723c751e8b465ee728b)  -> (artifact id: '00413426220115b0a6e23db22edf0108') in 0.010780 seconds 
========================================================================
Received Import Request.
  Time since last request: 0.000261 seconds.
  path: Assets/2D_urban_cars/prefabs/cabrio_blue.prefab
  artifactKey: Guid(b236f43bbde914f6ebb0efe064ef7b64) Importer(815301076,1909f56bfc062723c751e8b465ee728b)
Start importing Assets/2D_urban_cars/prefabs/cabrio_blue.prefab using Guid(b236f43bbde914f6ebb0efe064ef7b64) Importer(815301076,1909f56bfc062723c751e8b465ee728b)  -> (artifact id: 'ef7f4531f137e7aefe6a0f46d664280c') in 0.015019 seconds 
========================================================================
Received Import Request.
  Time since last request: 0.000233 seconds.
  path: Assets/2D_urban_cars/prefabs/touringcar_gray.prefab
  artifactKey: Guid(2a6c9666ff3674c0fa0e0e5f828fb261) Importer(815301076,1909f56bfc062723c751e8b465ee728b)
Start importing Assets/2D_urban_cars/prefabs/touringcar_gray.prefab using Guid(2a6c9666ff3674c0fa0e0e5f828fb261) Importer(815301076,1909f56bfc062723c751e8b465ee728b)  -> (artifact id: '22e8c23270da12238d0f469209f7ffcb') in 0.013455 seconds 
========================================================================
Received Import Request.
  Time since last request: 0.000264 seconds.
  path: Assets/2D_urban_cars/prefabs/cabrio_yellow.prefab
  artifactKey: Guid(95eeca97506be49969684235abb8c909) Importer(815301076,1909f56bfc062723c751e8b465ee728b)
Start importing Assets/2D_urban_cars/prefabs/cabrio_yellow.prefab using Guid(95eeca97506be49969684235abb8c909) Importer(815301076,1909f56bfc062723c751e8b465ee728b)  -> (artifact id: 'c97d38d4f2f4907aadf2ee0f7a1feaad') in 0.011657 seconds 
========================================================================
Received Import Request.
  Time since last request: 0.000214 seconds.
  path: Assets/2D_urban_cars/prefabs/minicar_yellow.prefab
  artifactKey: Guid(d2bae12992f47464f8643489be873e58) Importer(815301076,1909f56bfc062723c751e8b465ee728b)
Start importing Assets/2D_urban_cars/prefabs/minicar_yellow.prefab using Guid(d2bae12992f47464f8643489be873e58) Importer(815301076,1909f56bfc062723c751e8b465ee728b)  -> (artifact id: 'b5d1dbbbbff10a048973d8931361b5a5') in 0.010749 seconds 
========================================================================
Received Import Request.
  Time since last request: 0.000212 seconds.
  path: Assets/2D_urban_cars/prefabs/pickup_white.prefab
  artifactKey: Guid(d143f2894cc274b7c916d7463b18b39e) Importer(815301076,1909f56bfc062723c751e8b465ee728b)
Start importing Assets/2D_urban_cars/prefabs/pickup_white.prefab using Guid(d143f2894cc274b7c916d7463b18b39e) Importer(815301076,1909f56bfc062723c751e8b465ee728b)  -> (artifact id: '16834dc85a7367686f93dad13a5c1350') in 0.013033 seconds 
========================================================================
Received Import Request.
  Time since last request: 0.000175 seconds.
  path: Assets/2D_urban_cars/prefabs/pickup_gray.prefab
  artifactKey: Guid(e6cac1eac52fb46a8a91cb98b39bf6ab) Importer(815301076,1909f56bfc062723c751e8b465ee728b)
Start importing Assets/2D_urban_cars/prefabs/pickup_gray.prefab using Guid(e6cac1eac52fb46a8a91cb98b39bf6ab) Importer(815301076,1909f56bfc062723c751e8b465ee728b)  -> (artifact id: '31cc9731e910b97057948bf4fd93dc73') in 0.011789 seconds 
========================================================================
Received Import Request.
  Time since last request: 0.000189 seconds.
  path: Assets/2D_urban_cars/prefabs/pickup_red.prefab
  artifactKey: Guid(d52d0272c3cf24d2ca85e80069fb4656) Importer(815301076,1909f56bfc062723c751e8b465ee728b)
Start importing Assets/2D_urban_cars/prefabs/pickup_red.prefab using Guid(d52d0272c3cf24d2ca85e80069fb4656) Importer(815301076,1909f56bfc062723c751e8b465ee728b)  -> (artifact id: 'bafae9f0b4029c658d4166a23bbc3eeb') in 0.011351 seconds 
========================================================================
Received Import Request.
  Time since last request: 39.895145 seconds.
  path: Assets/scripts/MoveRoad.cs
  artifactKey: Guid(ee43a17f9ac0f73499dadb6c16bd46b3) Importer(815301076,1909f56bfc062723c751e8b465ee728b)
Start importing Assets/scripts/MoveRoad.cs using Guid(ee43a17f9ac0f73499dadb6c16bd46b3) Importer(815301076,1909f56bfc062723c751e8b465ee728b)  -> (artifact id: '9a52a776701fbb84fe23493c4bdf7c42') in 0.105446 seconds 
========================================================================
Received Prepare
Registering precompiled user dll's ...
Registered in 0.005502 seconds.
Begin MonoManager ReloadAssembly
Native extension for WindowsStandalone target not found
Native extension for OSXStandalone target not found
Refreshing native plugins compatible for Editor in 1.45 ms, found 3 plugins.
Preloading 0 native plugins for Editor in 0.00 ms.
2022-04-16 00:27:19.993 Unity[10332:1674827] NSEventModifierFlagFunction specified to -setKeyEquivalentModifierMask: for item <NSMenuItem: 0x600001f69f10 Font Asset, ke='Command-F12'>, but is only supported for system-provided menu items; will not be used
Mono: successfully reloaded assembly
- Completed reload, in  7.205 seconds
Domain Reload Profiling:
	ReloadAssembly (7224ms)
		BeginReloadAssembly (2357ms)
			ExecutionOrderSort (0ms)
			DisableScriptedObjects (171ms)
			BackupInstance (0ms)
			ReleaseScriptingObjects (17ms)
			CreateAndSetChildDomain (982ms)
		EndReloadAssembly (4740ms)
			LoadAssemblies (1517ms)
			RebuildTransferFunctionScriptingTraits (1ms)
			SetupTypeCache (540ms)
			ReleaseScriptCaches (38ms)
			RebuildScriptCaches (96ms)
			SetupLoadedEditorAssemblies (2787ms)
				LogAssemblyErrors (0ms)
				InitializePlatformSupportModulesInManaged (23ms)
				SetLoadedEditorAssemblies (1ms)
				RefreshPlugins (1ms)
				BeforeProcessingInitializeOnLoad (750ms)
				ProcessInitializeOnLoadAttributes (1838ms)
				ProcessInitializeOnLoadMethodAttributes (168ms)
				AfterProcessingInitializeOnLoad (1ms)
				EditorAssembliesLoaded (3ms)
			ExecutionOrderSort2 (0ms)
			AwakeInstancesAfterBackupRestoration (69ms)
Platform modules already initialized, skipping
Refreshing native plugins compatible for Editor in 0.81 ms, found 3 plugins.
Preloading 0 native plugins for Editor in 0.00 ms.
Unloading 2752 Unused Serialized files (Serialized files now loaded: 0)
System memory in use before: 241.3 MB.
System memory in use after: 241.3 MB.

Unloading 56 unused Assets to reduce memory usage. Loaded Objects now: 3211.
Total: 54.559583 ms (FindLiveObjects: 0.894833 ms CreateObjectMapping: 0.152292 ms MarkObjects: 53.272916 ms  DeleteObjects: 0.237708 ms)

AssetImportParameters requested are different than current active one (requested -> active):
  custom:video-decoder-ogg-theora: a1e56fd34408186e4bbccfd4996cb3dc -> 
  custom:container-muxer-webm: aa71ff27fc2769a1b78a27578f13a17b -> 
  custom:container-demuxer-webm: 4f35f7cbe854078d1ac9338744f61a02 -> 
  custom:container-demuxer-ogg: 62fdf1f143b41e24485cea50d1cbac27 -> 
  custom:video-encoder-webm-vp8: eb34c28f22e8b96e1ab97ce403110664 -> 
  custom:framework-osx-AVFoundation: e770b220cccbd017edd2c1fefb359320 -> 
  custom:video-decoder-webm-vp8: 9c59270c3fd7afecdb556c50c9e8de78 -> 
  custom:audio-decoder-ogg-vorbis: bf7c407c2cedff20999df2af8eb42d56 -> 
  custom:audio-encoder-webm-vorbis: bf7c407c2cedff20999df2af8eb42d56 -> 
========================================================================
Received Prepare
Registering precompiled user dll's ...
Registered in 0.031519 seconds.
Begin MonoManager ReloadAssembly
Native extension for WindowsStandalone target not found
Native extension for OSXStandalone target not found
Refreshing native plugins compatible for Editor in 2.28 ms, found 3 plugins.
Preloading 0 native plugins for Editor in 0.00 ms.
2022-04-16 00:28:03.322 Unity[10332:1674827] NSEventModifierFlagFunction specified to -setKeyEquivalentModifierMask: for item <NSMenuItem: 0x600001f68c40 Font Asset, ke='Command-F12'>, but is only supported for system-provided menu items; will not be used
Mono: successfully reloaded assembly
- Completed reload, in  3.856 seconds
Domain Reload Profiling:
	ReloadAssembly (3875ms)
		BeginReloadAssembly (623ms)
			ExecutionOrderSort (0ms)
			DisableScriptedObjects (97ms)
			BackupInstance (0ms)
			ReleaseScriptingObjects (4ms)
			CreateAndSetChildDomain (214ms)
		EndReloadAssembly (3081ms)
			LoadAssemblies (471ms)
			RebuildTransferFunctionScriptingTraits (0ms)
			SetupTypeCache (487ms)
			ReleaseScriptCaches (9ms)
			RebuildScriptCaches (63ms)
			SetupLoadedEditorAssemblies (1752ms)
				LogAssemblyErrors (0ms)
				InitializePlatformSupportModulesInManaged (26ms)
				SetLoadedEditorAssemblies (2ms)
				RefreshPlugins (3ms)
				BeforeProcessingInitializeOnLoad (335ms)
				ProcessInitializeOnLoadAttributes (1231ms)
				ProcessInitializeOnLoadMethodAttributes (155ms)
				AfterProcessingInitializeOnLoad (1ms)
				EditorAssembliesLoaded (0ms)
			ExecutionOrderSort2 (0ms)
			AwakeInstancesAfterBackupRestoration (68ms)
Platform modules already initialized, skipping
Refreshing native plugins compatible for Editor in 0.76 ms, found 3 plugins.
Preloading 0 native plugins for Editor in 0.00 ms.
Unloading 2752 Unused Serialized files (Serialized files now loaded: 0)
System memory in use before: 241.5 MB.
System memory in use after: 241.6 MB.

Unloading 55 unused Assets to reduce memory usage. Loaded Objects now: 3214.
Total: 8.695083 ms (FindLiveObjects: 0.616083 ms CreateObjectMapping: 0.157167 ms MarkObjects: 7.665791 ms  DeleteObjects: 0.254667 ms)

AssetImportParameters requested are different than current active one (requested -> active):
  custom:video-decoder-ogg-theora: a1e56fd34408186e4bbccfd4996cb3dc -> 
  custom:container-muxer-webm: aa71ff27fc2769a1b78a27578f13a17b -> 
  custom:container-demuxer-webm: 4f35f7cbe854078d1ac9338744f61a02 -> 
  custom:container-demuxer-ogg: 62fdf1f143b41e24485cea50d1cbac27 -> 
  custom:video-encoder-webm-vp8: eb34c28f22e8b96e1ab97ce403110664 -> 
  custom:framework-osx-AVFoundation: e770b220cccbd017edd2c1fefb359320 -> 
  custom:video-decoder-webm-vp8: 9c59270c3fd7afecdb556c50c9e8de78 -> 
  custom:audio-decoder-ogg-vorbis: bf7c407c2cedff20999df2af8eb42d56 -> 
  custom:audio-encoder-webm-vorbis: bf7c407c2cedff20999df2af8eb42d56 -> 
========================================================================
Received Prepare
Registering precompiled user dll's ...
Registered in 0.026596 seconds.
Begin MonoManager ReloadAssembly
Native extension for WindowsStandalone target not found
Native extension for OSXStandalone target not found
Refreshing native plugins compatible for Editor in 19.80 ms, found 3 plugins.
Preloading 0 native plugins for Editor in 0.00 ms.
2022-04-16 00:28:34.377 Unity[10332:1674827] NSEventModifierFlagFunction specified to -setKeyEquivalentModifierMask: for item <NSMenuItem: 0x600001f11f10 Font Asset, ke='Command-F12'>, but is only supported for system-provided menu items; will not be used
Mono: successfully reloaded assembly
- Completed reload, in  7.206 seconds
Domain Reload Profiling:
	ReloadAssembly (7237ms)
		BeginReloadAssembly (1869ms)
			ExecutionOrderSort (0ms)
			DisableScriptedObjects (1042ms)
			BackupInstance (0ms)
			ReleaseScriptingObjects (0ms)
			CreateAndSetChildDomain (259ms)
		EndReloadAssembly (5127ms)
			LoadAssemblies (710ms)
			RebuildTransferFunctionScriptingTraits (3ms)
			SetupTypeCache (554ms)
			ReleaseScriptCaches (266ms)
			RebuildScriptCaches (75ms)
			SetupLoadedEditorAssemblies (3062ms)
				LogAssemblyErrors (0ms)
				InitializePlatformSupportModulesInManaged (28ms)
				SetLoadedEditorAssemblies (2ms)
				RefreshPlugins (23ms)
				BeforeProcessingInitializeOnLoad (489ms)
				ProcessInitializeOnLoadAttributes (2327ms)
				ProcessInitializeOnLoadMethodAttributes (193ms)
				AfterProcessingInitializeOnLoad (1ms)
				EditorAssembliesLoaded (0ms)
			ExecutionOrderSort2 (0ms)
			AwakeInstancesAfterBackupRestoration (103ms)
Platform modules already initialized, skipping
Refreshing native plugins compatible for Editor in 0.81 ms, found 3 plugins.
Preloading 0 native plugins for Editor in 0.00 ms.
Unloading 2752 Unused Serialized files (Serialized files now loaded: 0)
System memory in use before: 241.7 MB.
System memory in use after: 241.8 MB.

Unloading 55 unused Assets to reduce memory usage. Loaded Objects now: 3217.
Total: 15.891125 ms (FindLiveObjects: 3.487584 ms CreateObjectMapping: 0.304291 ms MarkObjects: 11.517250 ms  DeleteObjects: 0.580500 ms)

AssetImportParameters requested are different than current active one (requested -> active):
  custom:video-decoder-ogg-theora: a1e56fd34408186e4bbccfd4996cb3dc -> 
  custom:container-muxer-webm: aa71ff27fc2769a1b78a27578f13a17b -> 
  custom:container-demuxer-webm: 4f35f7cbe854078d1ac9338744f61a02 -> 
  custom:container-demuxer-ogg: 62fdf1f143b41e24485cea50d1cbac27 -> 
  custom:video-encoder-webm-vp8: eb34c28f22e8b96e1ab97ce403110664 -> 
  custom:framework-osx-AVFoundation: e770b220cccbd017edd2c1fefb359320 -> 
  custom:video-decoder-webm-vp8: 9c59270c3fd7afecdb556c50c9e8de78 -> 
  custom:audio-decoder-ogg-vorbis: bf7c407c2cedff20999df2af8eb42d56 -> 
  custom:audio-encoder-webm-vorbis: bf7c407c2cedff20999df2af8eb42d56 -> 
========================================================================
Received Prepare
Registering precompiled user dll's ...
Registered in 0.004573 seconds.
Begin MonoManager ReloadAssembly
Native extension for WindowsStandalone target not found
Native extension for OSXStandalone target not found
Refreshing native plugins compatible for Editor in 1.90 ms, found 3 plugins.
Preloading 0 native plugins for Editor in 0.00 ms.
2022-04-16 00:29:48.094 Unity[10332:1674827] NSEventModifierFlagFunction specified to -setKeyEquivalentModifierMask: for item <NSMenuItem: 0x600001f13100 Font Asset, ke='Command-F12'>, but is only supported for system-provided menu items; will not be used
Mono: successfully reloaded assembly
- Completed reload, in  5.073 seconds
Domain Reload Profiling:
	ReloadAssembly (5077ms)
		BeginReloadAssembly (1278ms)
			ExecutionOrderSort (0ms)
			DisableScriptedObjects (99ms)
			BackupInstance (0ms)
			ReleaseScriptingObjects (0ms)
			CreateAndSetChildDomain (267ms)
		EndReloadAssembly (3692ms)
			LoadAssemblies (1638ms)
			RebuildTransferFunctionScriptingTraits (8ms)
			SetupTypeCache (608ms)
			ReleaseScriptCaches (9ms)
			RebuildScriptCaches (57ms)
			SetupLoadedEditorAssemblies (1706ms)
				LogAssemblyErrors (0ms)
				InitializePlatformSupportModulesInManaged (30ms)
				SetLoadedEditorAssemblies (2ms)
				RefreshPlugins (2ms)
				BeforeProcessingInitializeOnLoad (343ms)
				ProcessInitializeOnLoadAttributes (1184ms)
				ProcessInitializeOnLoadMethodAttributes (143ms)
				AfterProcessingInitializeOnLoad (1ms)
				EditorAssembliesLoaded (1ms)
			ExecutionOrderSort2 (0ms)
			AwakeInstancesAfterBackupRestoration (57ms)
Platform modules already initialized, skipping
Refreshing native plugins compatible for Editor in 0.81 ms, found 3 plugins.
Preloading 0 native plugins for Editor in 0.00 ms.
Unloading 2752 Unused Serialized files (Serialized files now loaded: 0)
System memory in use before: 241.9 MB.
System memory in use after: 242.0 MB.

Unloading 55 unused Assets to reduce memory usage. Loaded Objects now: 3220.
Total: 8.021750 ms (FindLiveObjects: 0.181208 ms CreateObjectMapping: 0.112209 ms MarkObjects: 7.533875 ms  DeleteObjects: 0.192958 ms)

AssetImportParameters requested are different than current active one (requested -> active):
  custom:video-decoder-ogg-theora: a1e56fd34408186e4bbccfd4996cb3dc -> 
  custom:container-muxer-webm: aa71ff27fc2769a1b78a27578f13a17b -> 
  custom:container-demuxer-webm: 4f35f7cbe854078d1ac9338744f61a02 -> 
  custom:container-demuxer-ogg: 62fdf1f143b41e24485cea50d1cbac27 -> 
  custom:video-encoder-webm-vp8: eb34c28f22e8b96e1ab97ce403110664 -> 
  custom:framework-osx-AVFoundation: e770b220cccbd017edd2c1fefb359320 -> 
  custom:video-decoder-webm-vp8: 9c59270c3fd7afecdb556c50c9e8de78 -> 
  custom:audio-decoder-ogg-vorbis: bf7c407c2cedff20999df2af8eb42d56 -> 
  custom:audio-encoder-webm-vorbis: bf7c407c2cedff20999df2af8eb42d56 -> 
========================================================================
Received Prepare
Registering precompiled user dll's ...
Registered in 0.008042 seconds.
Begin MonoManager ReloadAssembly
Native extension for WindowsStandalone target not found
Native extension for OSXStandalone target not found
Refreshing native plugins compatible for Editor in 2.04 ms, found 3 plugins.
Preloading 0 native plugins for Editor in 0.00 ms.
2022-04-16 00:35:12.474 Unity[10332:1674827] NSEventModifierFlagFunction specified to -setKeyEquivalentModifierMask: for item <NSMenuItem: 0x600001f12bc0 Font Asset, ke='Command-F12'>, but is only supported for system-provided menu items; will not be used
Mono: successfully reloaded assembly
- Completed reload, in  4.391 seconds
Domain Reload Profiling:
	ReloadAssembly (4404ms)
		BeginReloadAssembly (893ms)
			ExecutionOrderSort (0ms)
			DisableScriptedObjects (112ms)
			BackupInstance (0ms)
			ReleaseScriptingObjects (0ms)
			CreateAndSetChildDomain (339ms)
		EndReloadAssembly (3373ms)
			LoadAssemblies (690ms)
			RebuildTransferFunctionScriptingTraits (1ms)
			SetupTypeCache (506ms)
			ReleaseScriptCaches (61ms)
			RebuildScriptCaches (88ms)
			SetupLoadedEditorAssemblies (1712ms)
				LogAssemblyErrors (0ms)
				InitializePlatformSupportModulesInManaged (25ms)
				SetLoadedEditorAssemblies (2ms)
				RefreshPlugins (2ms)
				BeforeProcessingInitializeOnLoad (338ms)
				ProcessInitializeOnLoadAttributes (1184ms)
				ProcessInitializeOnLoadMethodAttributes (159ms)
				AfterProcessingInitializeOnLoad (1ms)
				EditorAssembliesLoaded (0ms)
			ExecutionOrderSort2 (0ms)
			AwakeInstancesAfterBackupRestoration (64ms)
Platform modules already initialized, skipping
Refreshing native plugins compatible for Editor in 0.90 ms, found 3 plugins.
Preloading 0 native plugins for Editor in 0.00 ms.
Unloading 2752 Unused Serialized files (Serialized files now loaded: 0)
System memory in use before: 242.1 MB.
System memory in use after: 242.2 MB.

Unloading 55 unused Assets to reduce memory usage. Loaded Objects now: 3223.
Total: 8.000625 ms (FindLiveObjects: 0.186792 ms CreateObjectMapping: 0.105125 ms MarkObjects: 7.510875 ms  DeleteObjects: 0.196791 ms)

AssetImportParameters requested are different than current active one (requested -> active):
  custom:video-decoder-ogg-theora: a1e56fd34408186e4bbccfd4996cb3dc -> 
  custom:container-muxer-webm: aa71ff27fc2769a1b78a27578f13a17b -> 
  custom:container-demuxer-webm: 4f35f7cbe854078d1ac9338744f61a02 -> 
  custom:container-demuxer-ogg: 62fdf1f143b41e24485cea50d1cbac27 -> 
  custom:video-encoder-webm-vp8: eb34c28f22e8b96e1ab97ce403110664 -> 
  custom:framework-osx-AVFoundation: e770b220cccbd017edd2c1fefb359320 -> 
  custom:video-decoder-webm-vp8: 9c59270c3fd7afecdb556c50c9e8de78 -> 
  custom:audio-decoder-ogg-vorbis: bf7c407c2cedff20999df2af8eb42d56 -> 
  custom:audio-encoder-webm-vorbis: bf7c407c2cedff20999df2af8eb42d56 -> 
========================================================================
Received Import Request.
  Time since last request: 809.888764 seconds.
  path: Assets/Asphalt_materials/Textures/Asphalt_texture1/AmbientOcclusionMap.png
  artifactKey: Guid(175cf35d3d3bb47f4a6b5363dba90363) Importer(815301076,1909f56bfc062723c751e8b465ee728b)
Start importing Assets/Asphalt_materials/Textures/Asphalt_texture1/AmbientOcclusionMap.png using Guid(175cf35d3d3bb47f4a6b5363dba90363) Importer(815301076,1909f56bfc062723c751e8b465ee728b)  -> (artifact id: '149cc2a988ac7eb3034445c8c9e9ed6d') in 1.313563 seconds 
========================================================================
Received Import Request.
  Time since last request: 0.000547 seconds.
  path: Assets/Asphalt_materials/Textures/Asphalt_texture2/AmbientOcclusionMap-2.png
  artifactKey: Guid(809ad70c89a514892a12faf0efc25e17) Importer(815301076,1909f56bfc062723c751e8b465ee728b)
Start importing Assets/Asphalt_materials/Textures/Asphalt_texture2/AmbientOcclusionMap-2.png using Guid(809ad70c89a514892a12faf0efc25e17) Importer(815301076,1909f56bfc062723c751e8b465ee728b)  -> (artifact id: '1bfb5e9267f59054dd94749140ff0fab') in 0.022159 seconds 
========================================================================
Received Import Request.
  Time since last request: 0.000173 seconds.
  path: Assets/Asphalt_materials/Textures/Asphalt_texture1/DisplacementMap.png
  artifactKey: Guid(c503e61abf8dd4b05b50f5a5b471c8bd) Importer(815301076,1909f56bfc062723c751e8b465ee728b)
Start importing Assets/Asphalt_materials/Textures/Asphalt_texture1/DisplacementMap.png using Guid(c503e61abf8dd4b05b50f5a5b471c8bd) Importer(815301076,1909f56bfc062723c751e8b465ee728b)  -> (artifact id: 'b972ae00aa3ff3e47151d87de347b5e4') in 0.007819 seconds 
========================================================================
Received Import Request.
  Time since last request: 0.000192 seconds.
  path: Assets/Asphalt_materials/Textures/Asphalt_texture2/NormalMap-2.png
  artifactKey: Guid(e6b643cde20d841e29b106f89d595d65) Importer(815301076,1909f56bfc062723c751e8b465ee728b)
Start importing Assets/Asphalt_materials/Textures/Asphalt_texture2/NormalMap-2.png using Guid(e6b643cde20d841e29b106f89d595d65) Importer(815301076,1909f56bfc062723c751e8b465ee728b)  -> (artifact id: 'a67d16671013ff21dc85dc8ee83eb467') in 0.271613 seconds 
========================================================================
Received Import Request.
  Time since last request: 0.000192 seconds.
  path: Assets/Asphalt_materials/Textures/Asphalt_texture3/NormalMap-3.png
  artifactKey: Guid(1b21481fec043435e997bffb2f8d64ab) Importer(815301076,1909f56bfc062723c751e8b465ee728b)
Start importing Assets/Asphalt_materials/Textures/Asphalt_texture3/NormalMap-3.png using Guid(1b21481fec043435e997bffb2f8d64ab) Importer(815301076,1909f56bfc062723c751e8b465ee728b)  -> (artifact id: 'd1c391609fc54c0335d0eab3cbdb8b26') in 0.011442 seconds 
========================================================================
Received Import Request.
  Time since last request: 0.000145 seconds.
  path: Assets/Asphalt_materials/Textures/Asphalt_texture3/DisplacementMap-3.png
  artifactKey: Guid(4a06040fd35c04105af0bc4338ee4eba) Importer(815301076,1909f56bfc062723c751e8b465ee728b)
Start importing Assets/Asphalt_materials/Textures/Asphalt_texture3/DisplacementMap-3.png using Guid(4a06040fd35c04105af0bc4338ee4eba) Importer(815301076,1909f56bfc062723c751e8b465ee728b)  -> (artifact id: 'ca88f6b7f8d690cf6dfefc84d423b729') in 0.007450 seconds 
========================================================================
Received Import Request.
  Time since last request: 0.000195 seconds.
  path: Assets/Asphalt_materials/Textures/Asphalt_texture2/DisplacementMap-2.png
  artifactKey: Guid(f08e741fa72b64f6b911e8a4239311e6) Importer(815301076,1909f56bfc062723c751e8b465ee728b)
Start importing Assets/Asphalt_materials/Textures/Asphalt_texture2/DisplacementMap-2.png using Guid(f08e741fa72b64f6b911e8a4239311e6) Importer(815301076,1909f56bfc062723c751e8b465ee728b)  -> (artifact id: '3d52e1793c4c94399f54d30462b82435') in 0.007199 seconds 
========================================================================
Received Import Request.
  Time since last request: 0.000201 seconds.
  path: Assets/Asphalt_materials/Textures/Asphalt_texture3/Asphalt_texture_3.png
  artifactKey: Guid(b576bdc7617df4d6ba54a339278e07e6) Importer(815301076,1909f56bfc062723c751e8b465ee728b)
Start importing Assets/Asphalt_materials/Textures/Asphalt_texture3/Asphalt_texture_3.png using Guid(b576bdc7617df4d6ba54a339278e07e6) Importer(815301076,1909f56bfc062723c751e8b465ee728b)  -> (artifact id: 'f5ee30c740d977705ef3b095ab146132') in 0.007387 seconds 
========================================================================
Received Import Request.
  Time since last request: 0.000192 seconds.
  path: Assets/Asphalt_materials/Textures/Asphalt_texture1/NormalMap.png
  artifactKey: Guid(5352df4ea95f8424a854c7d465445c4d) Importer(815301076,1909f56bfc062723c751e8b465ee728b)
Start importing Assets/Asphalt_materials/Textures/Asphalt_texture1/NormalMap.png using Guid(5352df4ea95f8424a854c7d465445c4d) Importer(815301076,1909f56bfc062723c751e8b465ee728b)  -> (artifact id: 'e1503aaac605fc5ebe76313b58ca69d9') in 0.009094 seconds 
========================================================================
Received Import Request.
  Time since last request: 0.000157 seconds.
  path: Assets/Asphalt_materials/Textures/Asphalt_texture3/AmbientOcclusionMap-3.png
  artifactKey: Guid(3c7cdcb17717e4dd784b17b5990f06d8) Importer(815301076,1909f56bfc062723c751e8b465ee728b)
Start importing Assets/Asphalt_materials/Textures/Asphalt_texture3/AmbientOcclusionMap-3.png using Guid(3c7cdcb17717e4dd784b17b5990f06d8) Importer(815301076,1909f56bfc062723c751e8b465ee728b)  -> (artifact id: '915bcf6c1acc04186fc1b306547243c6') in 0.007096 seconds 
========================================================================
Received Import Request.
  Time since last request: 0.000229 seconds.
  path: Assets/Asphalt_materials/Textures/Asphalt_texture2/Asphalt_texture_2.png
  artifactKey: Guid(42db8de0cc8694ec5a6449f0dc9ab101) Importer(815301076,1909f56bfc062723c751e8b465ee728b)
Start importing Assets/Asphalt_materials/Textures/Asphalt_texture2/Asphalt_texture_2.png using Guid(42db8de0cc8694ec5a6449f0dc9ab101) Importer(815301076,1909f56bfc062723c751e8b465ee728b)  -> (artifact id: 'c409bbfb7915d4f70c9f10491453c86d') in 0.008810 seconds 
========================================================================
Received Import Request.
  Time since last request: 2.741803 seconds.
  path: Assets/Asphalt_materials/Textures/Asphalt_texture4/AmbientOcclusionMap-4.png
  artifactKey: Guid(6f175b77f13134dbcb16244f695a7a9d) Importer(815301076,1909f56bfc062723c751e8b465ee728b)
Start importing Assets/Asphalt_materials/Textures/Asphalt_texture4/AmbientOcclusionMap-4.png using Guid(6f175b77f13134dbcb16244f695a7a9d) Importer(815301076,1909f56bfc062723c751e8b465ee728b)  -> (artifact id: 'cf17ae15fc7261b2152187cc2ef2fb8d') in 0.018543 seconds 
========================================================================
Received Import Request.
  Time since last request: 0.000276 seconds.
  path: Assets/Asphalt_materials/Textures/Asphalt_texture4/NormalMap-4.png
  artifactKey: Guid(18207043afe1d4b219c88dafbcc8f300) Importer(815301076,1909f56bfc062723c751e8b465ee728b)
Start importing Assets/Asphalt_materials/Textures/Asphalt_texture4/NormalMap-4.png using Guid(18207043afe1d4b219c88dafbcc8f300) Importer(815301076,1909f56bfc062723c751e8b465ee728b)  -> (artifact id: '092c0be4381d692b7b5fb673a206fbce') in 0.016150 seconds 
========================================================================
Received Import Request.
  Time since last request: 0.000225 seconds.
  path: Assets/Asphalt_materials/Textures/Asphalt_texture4/Asphalt_texture_4.png
  artifactKey: Guid(5f095c17e74f64a769b78c035085c3af) Importer(815301076,1909f56bfc062723c751e8b465ee728b)
Start importing Assets/Asphalt_materials/Textures/Asphalt_texture4/Asphalt_texture_4.png using Guid(5f095c17e74f64a769b78c035085c3af) Importer(815301076,1909f56bfc062723c751e8b465ee728b)  -> (artifact id: 'b76bd9fd6a9008c3dee3dd895a5bb1a3') in 0.009594 seconds 
========================================================================
Received Import Request.
  Time since last request: 0.000315 seconds.
  path: Assets/Asphalt_materials/Textures/Asphalt_texture4/DisplacementMap-4.png
  artifactKey: Guid(44aa1d602398947b6aa82d02a9c16c0e) Importer(815301076,1909f56bfc062723c751e8b465ee728b)
Start importing Assets/Asphalt_materials/Textures/Asphalt_texture4/DisplacementMap-4.png using Guid(44aa1d602398947b6aa82d02a9c16c0e) Importer(815301076,1909f56bfc062723c751e8b465ee728b)  -> (artifact id: '424512ffe70a97e99e2add9bc8c673cb') in 0.009176 seconds 
========================================================================
Received Import Request.
  Time since last request: 0.717417 seconds.
  path: Assets/Asphalt_materials/Textures/Asphalt_texture5/AmbientOcclusionMap-5.png
  artifactKey: Guid(64684ddec4f984474a22bc61ab79c23d) Importer(815301076,1909f56bfc062723c751e8b465ee728b)
Start importing Assets/Asphalt_materials/Textures/Asphalt_texture5/AmbientOcclusionMap-5.png using Guid(64684ddec4f984474a22bc61ab79c23d) Importer(815301076,1909f56bfc062723c751e8b465ee728b)  -> (artifact id: 'f7c84bc6bf52a6417d96b9fc2fc1e6f2') in 0.013968 seconds 
========================================================================
Received Import Request.
  Time since last request: 0.000273 seconds.
  path: Assets/Asphalt_materials/Textures/Asphalt_texture5/NormalMap-5.png
  artifactKey: Guid(f5a10f6ba6bcf49fe81e0c55665003e2) Importer(815301076,1909f56bfc062723c751e8b465ee728b)
Start importing Assets/Asphalt_materials/Textures/Asphalt_texture5/NormalMap-5.png using Guid(f5a10f6ba6bcf49fe81e0c55665003e2) Importer(815301076,1909f56bfc062723c751e8b465ee728b)  -> (artifact id: '44a6dd2cc8f9e2e22a8806c3f6fab4f1') in 0.012142 seconds 
========================================================================
Received Import Request.
  Time since last request: 0.000239 seconds.
  path: Assets/Asphalt_materials/Textures/Asphalt_texture5/DisplacementMap-5.png
  artifactKey: Guid(ea457693c669f48d9892aa9a01bcf161) Importer(815301076,1909f56bfc062723c751e8b465ee728b)
Start importing Assets/Asphalt_materials/Textures/Asphalt_texture5/DisplacementMap-5.png using Guid(ea457693c669f48d9892aa9a01bcf161) Importer(815301076,1909f56bfc062723c751e8b465ee728b)  -> (artifact id: 'bf212324dfb39a245f8f875bcc53eb39') in 0.009916 seconds 
========================================================================
Received Import Request.
  Time since last request: 2.079458 seconds.
  path: Assets/Asphalt_materials/Textures/Asphalt_texture6/AmbientOcclusionMap-6.png
  artifactKey: Guid(377fbeee401a5484d877050a765b8d9f) Importer(815301076,1909f56bfc062723c751e8b465ee728b)
Start importing Assets/Asphalt_materials/Textures/Asphalt_texture6/AmbientOcclusionMap-6.png using Guid(377fbeee401a5484d877050a765b8d9f) Importer(815301076,1909f56bfc062723c751e8b465ee728b)  -> (artifact id: 'a6ddbaeae8f177cf448bd783365fbec7') in 0.016780 seconds 
========================================================================
Received Import Request.
  Time since last request: 0.000301 seconds.
  path: Assets/Asphalt_materials/Textures/Asphalt_texture6/DisplacementMap-6.png
  artifactKey: Guid(8cb8ce0d68bf940f39ec4e8ed9081c32) Importer(815301076,1909f56bfc062723c751e8b465ee728b)
Start importing Assets/Asphalt_materials/Textures/Asphalt_texture6/DisplacementMap-6.png using Guid(8cb8ce0d68bf940f39ec4e8ed9081c32) Importer(815301076,1909f56bfc062723c751e8b465ee728b)  -> (artifact id: 'eac0c109862bf274418ad3fbec54236c') in 0.014101 seconds 
========================================================================
Received Import Request.
  Time since last request: 0.000337 seconds.
  path: Assets/Asphalt_materials/Textures/Asphalt_texture6/NormalMap-6.png
  artifactKey: Guid(7c0e5087388174f5c87ffaf36b5b5d14) Importer(815301076,1909f56bfc062723c751e8b465ee728b)
Start importing Assets/Asphalt_materials/Textures/Asphalt_texture6/NormalMap-6.png using Guid(7c0e5087388174f5c87ffaf36b5b5d14) Importer(815301076,1909f56bfc062723c751e8b465ee728b)  -> (artifact id: 'a074049baea5a8ff364968b5b8118d8c') in 0.011019 seconds 
========================================================================
Received Import Request.
  Time since last request: 0.000183 seconds.
  path: Assets/Asphalt_materials/Textures/Asphalt_texture6/Asphalt_texture_6.png
  artifactKey: Guid(ce2023e95aac74325b575e4f6ad067d2) Importer(815301076,1909f56bfc062723c751e8b465ee728b)
Start importing Assets/Asphalt_materials/Textures/Asphalt_texture6/Asphalt_texture_6.png using Guid(ce2023e95aac74325b575e4f6ad067d2) Importer(815301076,1909f56bfc062723c751e8b465ee728b)  -> (artifact id: '564d6a4e380097ae61338734b406b507') in 0.008512 seconds 
========================================================================
Received Import Request.
  Time since last request: 1.043968 seconds.
  path: Assets/Asphalt_materials/Textures/Asphalt_texture7/AmbientOcclusionMap-7.png
  artifactKey: Guid(cdea52135d695490089bb0dbf9223b78) Importer(815301076,1909f56bfc062723c751e8b465ee728b)
Start importing Assets/Asphalt_materials/Textures/Asphalt_texture7/AmbientOcclusionMap-7.png using Guid(cdea52135d695490089bb0dbf9223b78) Importer(815301076,1909f56bfc062723c751e8b465ee728b)  -> (artifact id: '107a50c1505521792ba8b3f1bb5409f9') in 0.012639 seconds 
========================================================================
Received Import Request.
  Time since last request: 0.000191 seconds.
  path: Assets/Asphalt_materials/Textures/Asphalt_texture7/NormalMap-7.png
  artifactKey: Guid(cd67d7b27c03e4948b144b4823b5129b) Importer(815301076,1909f56bfc062723c751e8b465ee728b)
Start importing Assets/Asphalt_materials/Textures/Asphalt_texture7/NormalMap-7.png using Guid(cd67d7b27c03e4948b144b4823b5129b) Importer(815301076,1909f56bfc062723c751e8b465ee728b)  -> (artifact id: '3de65337e47b26d31df7e9f04e48f52e') in 0.010687 seconds 
========================================================================
Received Import Request.
  Time since last request: 0.000242 seconds.
  path: Assets/Asphalt_materials/Textures/Asphalt_texture7/Asphalt_texture_7.png
  artifactKey: Guid(1ebbcb5c8157b49ca97ef3a84aea164d) Importer(815301076,1909f56bfc062723c751e8b465ee728b)
Start importing Assets/Asphalt_materials/Textures/Asphalt_texture7/Asphalt_texture_7.png using Guid(1ebbcb5c8157b49ca97ef3a84aea164d) Importer(815301076,1909f56bfc062723c751e8b465ee728b)  -> (artifact id: '4a35adcaf1acb74da0159de853e35943') in 0.010570 seconds 
========================================================================
Received Import Request.
  Time since last request: 0.000251 seconds.
  path: Assets/Asphalt_materials/Textures/Asphalt_texture7/DisplacementMap-7.png
  artifactKey: Guid(7c460c4b1e6c4487296a06347783ab07) Importer(815301076,1909f56bfc062723c751e8b465ee728b)
Start importing Assets/Asphalt_materials/Textures/Asphalt_texture7/DisplacementMap-7.png using Guid(7c460c4b1e6c4487296a06347783ab07) Importer(815301076,1909f56bfc062723c751e8b465ee728b)  -> (artifact id: '7cebeb81ae1fc0f1f752f72b0d864277') in 0.008629 seconds 
========================================================================
Received Import Request.
  Time since last request: 1.036121 seconds.
  path: Assets/Asphalt_materials/Textures/Asphalt_texture8/AmbientOcclusionMap-8.png
  artifactKey: Guid(02254c68ac1ee40f1bd3c91376ef645b) Importer(815301076,1909f56bfc062723c751e8b465ee728b)
Start importing Assets/Asphalt_materials/Textures/Asphalt_texture8/AmbientOcclusionMap-8.png using Guid(02254c68ac1ee40f1bd3c91376ef645b) Importer(815301076,1909f56bfc062723c751e8b465ee728b)  -> (artifact id: '6238595aff7dcb308d7dfbc51d33c5dc') in 0.009223 seconds 
========================================================================
Received Import Request.
  Time since last request: 0.000234 seconds.
  path: Assets/Asphalt_materials/Textures/Asphalt_texture8/DisplacementMap-8.png
  artifactKey: Guid(8519cbdbd56ab419288ce6639aeef382) Importer(815301076,1909f56bfc062723c751e8b465ee728b)
Start importing Assets/Asphalt_materials/Textures/Asphalt_texture8/DisplacementMap-8.png using Guid(8519cbdbd56ab419288ce6639aeef382) Importer(815301076,1909f56bfc062723c751e8b465ee728b)  -> (artifact id: '814f929712ace213424c99475aaa16eb') in 0.008251 seconds 
========================================================================
Received Import Request.
  Time since last request: 0.000453 seconds.
  path: Assets/Asphalt_materials/Textures/Asphalt_texture8/Asphalt_texture_8.png
  artifactKey: Guid(7aa5b4ddd4c8a484da725e8633495cef) Importer(815301076,1909f56bfc062723c751e8b465ee728b)
Start importing Assets/Asphalt_materials/Textures/Asphalt_texture8/Asphalt_texture_8.png using Guid(7aa5b4ddd4c8a484da725e8633495cef) Importer(815301076,1909f56bfc062723c751e8b465ee728b)  -> (artifact id: '79ccbeca68d6cb78dbd50af47e9e91a1') in 0.009575 seconds 
========================================================================
Received Import Request.
  Time since last request: 0.000363 seconds.
  path: Assets/Asphalt_materials/Textures/Asphalt_texture8/NormalMap-8.png
  artifactKey: Guid(c68442966c0ad4a9bbcbdda6bdbb2003) Importer(815301076,1909f56bfc062723c751e8b465ee728b)
Start importing Assets/Asphalt_materials/Textures/Asphalt_texture8/NormalMap-8.png using Guid(c68442966c0ad4a9bbcbdda6bdbb2003) Importer(815301076,1909f56bfc062723c751e8b465ee728b)  -> (artifact id: 'dd472450409c7545c25c5392d1e957be') in 0.008250 seconds 
========================================================================
Received Import Request.
  Time since last request: 0.734605 seconds.
  path: Assets/Asphalt_materials/Textures/Asphalt_texture9/AmbientOcclusionMap-9.png
  artifactKey: Guid(e213e50c02a244ce7a5405139f1bdfc4) Importer(815301076,1909f56bfc062723c751e8b465ee728b)
Start importing Assets/Asphalt_materials/Textures/Asphalt_texture9/AmbientOcclusionMap-9.png using Guid(e213e50c02a244ce7a5405139f1bdfc4) Importer(815301076,1909f56bfc062723c751e8b465ee728b)  -> (artifact id: 'cdb4b0fde795928cae6d73faf6f46214') in 0.014388 seconds 
========================================================================
Received Import Request.
  Time since last request: 0.000316 seconds.
  path: Assets/Asphalt_materials/Textures/Asphalt_texture9/NormalMap-9.png
  artifactKey: Guid(caf2523f7bf5a4fb3a5a8e60d36e7c86) Importer(815301076,1909f56bfc062723c751e8b465ee728b)
Start importing Assets/Asphalt_materials/Textures/Asphalt_texture9/NormalMap-9.png using Guid(caf2523f7bf5a4fb3a5a8e60d36e7c86) Importer(815301076,1909f56bfc062723c751e8b465ee728b)  -> (artifact id: 'e08b3ccbb26bd8cd24e229eedadfa449') in 0.012628 seconds 
========================================================================
Received Import Request.
  Time since last request: 0.000210 seconds.
  path: Assets/Asphalt_materials/Textures/Asphalt_texture9/Asphalt_texture_9.png
  artifactKey: Guid(a4eee16c0717044d1b6ff91efa8db733) Importer(815301076,1909f56bfc062723c751e8b465ee728b)
Start importing Assets/Asphalt_materials/Textures/Asphalt_texture9/Asphalt_texture_9.png using Guid(a4eee16c0717044d1b6ff91efa8db733) Importer(815301076,1909f56bfc062723c751e8b465ee728b)  -> (artifact id: 'c035e92213bf173805d0908ffa6e5c74') in 0.011301 seconds 
========================================================================
Received Import Request.
  Time since last request: 0.000180 seconds.
  path: Assets/Asphalt_materials/Textures/Asphalt_texture9/DisplacementMap-9.png
  artifactKey: Guid(7e3a61b796d0a4835869ef40f8adb535) Importer(815301076,1909f56bfc062723c751e8b465ee728b)
Start importing Assets/Asphalt_materials/Textures/Asphalt_texture9/DisplacementMap-9.png using Guid(7e3a61b796d0a4835869ef40f8adb535) Importer(815301076,1909f56bfc062723c751e8b465ee728b)  -> (artifact id: '41fd7fc54c200b82a80d49a2b004f0ae') in 0.008391 seconds 
========================================================================
Received Import Request.
  Time since last request: 1.215720 seconds.
  path: Assets/Asphalt_materials/Textures/Asphalt_texture10/AmbientOcclusionMap-10.png
  artifactKey: Guid(dc78e27c932ea4b038d4931f5e2f1058) Importer(815301076,1909f56bfc062723c751e8b465ee728b)
Start importing Assets/Asphalt_materials/Textures/Asphalt_texture10/AmbientOcclusionMap-10.png using Guid(dc78e27c932ea4b038d4931f5e2f1058) Importer(815301076,1909f56bfc062723c751e8b465ee728b)  -> (artifact id: 'e42ea14a58ffb84004d135fafd5fa21a') in 0.014826 seconds 
========================================================================
Received Import Request.
  Time since last request: 0.000277 seconds.
  path: Assets/Asphalt_materials/Textures/Asphalt_texture10/DisplacementMap-10.png
  artifactKey: Guid(423c34663926246d3ad0c002116900e1) Importer(815301076,1909f56bfc062723c751e8b465ee728b)
Start importing Assets/Asphalt_materials/Textures/Asphalt_texture10/DisplacementMap-10.png using Guid(423c34663926246d3ad0c002116900e1) Importer(815301076,1909f56bfc062723c751e8b465ee728b)  -> (artifact id: 'dcd990cdd761c25adde30030092b733a') in 0.011424 seconds 
========================================================================
Received Import Request.
  Time since last request: 0.000257 seconds.
  path: Assets/Asphalt_materials/Textures/Asphalt_texture10/Asphalt_texture_10.png
  artifactKey: Guid(24249f8c9c0414e71b717acadb1ac270) Importer(815301076,1909f56bfc062723c751e8b465ee728b)
Start importing Assets/Asphalt_materials/Textures/Asphalt_texture10/Asphalt_texture_10.png using Guid(24249f8c9c0414e71b717acadb1ac270) Importer(815301076,1909f56bfc062723c751e8b465ee728b)  -> (artifact id: '4a0f6319693cd6fd519f9118451663a2') in 0.010034 seconds 
========================================================================
Received Import Request.
  Time since last request: 0.000216 seconds.
  path: Assets/Asphalt_materials/Textures/Asphalt_texture10/NormalMap-10.png
  artifactKey: Guid(019ba87d5cf7b4fb8a8a9aa37ad391bf) Importer(815301076,1909f56bfc062723c751e8b465ee728b)
Start importing Assets/Asphalt_materials/Textures/Asphalt_texture10/NormalMap-10.png using Guid(019ba87d5cf7b4fb8a8a9aa37ad391bf) Importer(815301076,1909f56bfc062723c751e8b465ee728b)  -> (artifact id: 'c31bf5f401d239399f09e2120544e431') in 0.008786 seconds 
========================================================================
Received Import Request.
  Time since last request: 2.202182 seconds.
  path: Assets/Asphalt_materials/Textures/Asphalt_texture11/AmbientOcclusionMap-11.png
  artifactKey: Guid(d4c5f66976bfa4f3a978b46f3e988485) Importer(815301076,1909f56bfc062723c751e8b465ee728b)
Start importing Assets/Asphalt_materials/Textures/Asphalt_texture11/AmbientOcclusionMap-11.png using Guid(d4c5f66976bfa4f3a978b46f3e988485) Importer(815301076,1909f56bfc062723c751e8b465ee728b)  -> (artifact id: '1108521dedd97d2e0a4ddd7cc3fdb78f') in 0.014883 seconds 
========================================================================
Received Import Request.
  Time since last request: 0.000896 seconds.
  path: Assets/Asphalt_materials/Textures/Asphalt_texture11/DisplacementMap-11.png
  artifactKey: Guid(6cba334a502b34babb8743ff862f7b3c) Importer(815301076,1909f56bfc062723c751e8b465ee728b)
Start importing Assets/Asphalt_materials/Textures/Asphalt_texture11/DisplacementMap-11.png using Guid(6cba334a502b34babb8743ff862f7b3c) Importer(815301076,1909f56bfc062723c751e8b465ee728b)  -> (artifact id: '822695dc44323fcd1a10ca07f0ed0cf5') in 0.011900 seconds 
========================================================================
Received Import Request.
  Time since last request: 0.000253 seconds.
  path: Assets/Asphalt_materials/Textures/Asphalt_texture11/Asphalt_texture_11.png
  artifactKey: Guid(8c4601891d91e4ee8aec5354de6c10c4) Importer(815301076,1909f56bfc062723c751e8b465ee728b)
Start importing Assets/Asphalt_materials/Textures/Asphalt_texture11/Asphalt_texture_11.png using Guid(8c4601891d91e4ee8aec5354de6c10c4) Importer(815301076,1909f56bfc062723c751e8b465ee728b)  -> (artifact id: 'c997cdf12fdfd41e29dd19824572a818') in 0.009802 seconds 
========================================================================
Received Import Request.
  Time since last request: 0.000221 seconds.
  path: Assets/Asphalt_materials/Textures/Asphalt_texture11/NormalMap-11.png
  artifactKey: Guid(eb382db3000d347afa35aba4ba4abb63) Importer(815301076,1909f56bfc062723c751e8b465ee728b)
Start importing Assets/Asphalt_materials/Textures/Asphalt_texture11/NormalMap-11.png using Guid(eb382db3000d347afa35aba4ba4abb63) Importer(815301076,1909f56bfc062723c751e8b465ee728b)  -> (artifact id: '60a151d09ee19f7f2a88f558c8a0dcf5') in 0.008908 seconds 
========================================================================
Received Import Request.
  Time since last request: 1.113942 seconds.
  path: Assets/Asphalt_materials/Textures/Asphalt_texture12/AmbientOcclusionMap-12.png
  artifactKey: Guid(2006db0e3c82f43ce8c75996256ce0eb) Importer(815301076,1909f56bfc062723c751e8b465ee728b)
Start importing Assets/Asphalt_materials/Textures/Asphalt_texture12/AmbientOcclusionMap-12.png using Guid(2006db0e3c82f43ce8c75996256ce0eb) Importer(815301076,1909f56bfc062723c751e8b465ee728b)  -> (artifact id: '916ff993aaedb3389b8cb7aafd8b0bc9') in 0.014756 seconds 
========================================================================
Received Import Request.
  Time since last request: 0.000303 seconds.
  path: Assets/Asphalt_materials/Textures/Asphalt_texture12/Asphalt_texture_12.png
  artifactKey: Guid(fc5818b889ab341198089af9c4ae1819) Importer(815301076,1909f56bfc062723c751e8b465ee728b)
Start importing Assets/Asphalt_materials/Textures/Asphalt_texture12/Asphalt_texture_12.png using Guid(fc5818b889ab341198089af9c4ae1819) Importer(815301076,1909f56bfc062723c751e8b465ee728b)  -> (artifact id: 'b21d4f84a70a68dc2334ebdb875de025') in 0.011939 seconds 
========================================================================
Received Import Request.
  Time since last request: 0.000269 seconds.
  path: Assets/Asphalt_materials/Textures/Asphalt_texture12/DisplacementMap-12.png
  artifactKey: Guid(557628e60290443fdae4e08ec7f3f5ee) Importer(815301076,1909f56bfc062723c751e8b465ee728b)
Start importing Assets/Asphalt_materials/Textures/Asphalt_texture12/DisplacementMap-12.png using Guid(557628e60290443fdae4e08ec7f3f5ee) Importer(815301076,1909f56bfc062723c751e8b465ee728b)  -> (artifact id: 'c6c96041d4b76b47c77c3be9838833db') in 0.009345 seconds 
========================================================================
Received Import Request.
  Time since last request: 0.000198 seconds.
  path: Assets/Asphalt_materials/Textures/Asphalt_texture12/NormalMap-12.png
  artifactKey: Guid(4714d0d8775944d388f3fc5428addf81) Importer(815301076,1909f56bfc062723c751e8b465ee728b)
Start importing Assets/Asphalt_materials/Textures/Asphalt_texture12/NormalMap-12.png using Guid(4714d0d8775944d388f3fc5428addf81) Importer(815301076,1909f56bfc062723c751e8b465ee728b)  -> (artifact id: '8f441fe25d1df30e26daacdc33fd6d8c') in 0.008504 seconds 
========================================================================
Received Import Request.
  Time since last request: 0.648969 seconds.
  path: Assets/Asphalt_materials/Textures/Asphalt_texture13/AmbientOcclusionMap-13.png
  artifactKey: Guid(c8832bdc337044492a3b1d15e34270b5) Importer(815301076,1909f56bfc062723c751e8b465ee728b)
Start importing Assets/Asphalt_materials/Textures/Asphalt_texture13/AmbientOcclusionMap-13.png using Guid(c8832bdc337044492a3b1d15e34270b5) Importer(815301076,1909f56bfc062723c751e8b465ee728b)  -> (artifact id: '8612c7eabc321ade296500d66cb61c0b') in 0.015250 seconds 
========================================================================
Received Import Request.
  Time since last request: 0.000346 seconds.
  path: Assets/Asphalt_materials/Textures/Asphalt_texture13/DisplacementMap-13.png
  artifactKey: Guid(56215081f384248cf96035e97d399f7c) Importer(815301076,1909f56bfc062723c751e8b465ee728b)
Start importing Assets/Asphalt_materials/Textures/Asphalt_texture13/DisplacementMap-13.png using Guid(56215081f384248cf96035e97d399f7c) Importer(815301076,1909f56bfc062723c751e8b465ee728b)  -> (artifact id: '18469b568ffcc9f1035b42baec4efacc') in 0.015326 seconds 
========================================================================
Received Import Request.
  Time since last request: 0.000213 seconds.
  path: Assets/Asphalt_materials/Textures/Asphalt_texture13/Asphalt_texture_13.png
  artifactKey: Guid(e2cb4967efb0d4944a7e03f17bc33f04) Importer(815301076,1909f56bfc062723c751e8b465ee728b)
Start importing Assets/Asphalt_materials/Textures/Asphalt_texture13/Asphalt_texture_13.png using Guid(e2cb4967efb0d4944a7e03f17bc33f04) Importer(815301076,1909f56bfc062723c751e8b465ee728b)  -> (artifact id: 'c23713de57dfb775a54c33f6fa373dd6') in 0.012574 seconds 
========================================================================
Received Import Request.
  Time since last request: 0.000187 seconds.
  path: Assets/Asphalt_materials/Textures/Asphalt_texture13/NormalMap-13.png
  artifactKey: Guid(93e7f1bf75ca44e0586485508fe9fd02) Importer(815301076,1909f56bfc062723c751e8b465ee728b)
Start importing Assets/Asphalt_materials/Textures/Asphalt_texture13/NormalMap-13.png using Guid(93e7f1bf75ca44e0586485508fe9fd02) Importer(815301076,1909f56bfc062723c751e8b465ee728b)  -> (artifact id: 'd46e3847611b3bf8cbd264d2b43e270a') in 0.011101 seconds 
========================================================================
Received Import Request.
  Time since last request: 0.676487 seconds.
  path: Assets/Asphalt_materials/Textures/Asphalt_texture14/AmbientOcclusionMap-14.png
  artifactKey: Guid(32dbdabeca70247d7809809f820b7d6c) Importer(815301076,1909f56bfc062723c751e8b465ee728b)
Start importing Assets/Asphalt_materials/Textures/Asphalt_texture14/AmbientOcclusionMap-14.png using Guid(32dbdabeca70247d7809809f820b7d6c) Importer(815301076,1909f56bfc062723c751e8b465ee728b)  -> (artifact id: 'fcebd79a50096f73afd7706542e62b24') in 0.014191 seconds 
========================================================================
Received Import Request.
  Time since last request: 0.000202 seconds.
  path: Assets/Asphalt_materials/Textures/Asphalt_texture14/NormalMap-14.png
  artifactKey: Guid(eec8eac57a9174f838123d67afba1f51) Importer(815301076,1909f56bfc062723c751e8b465ee728b)
Start importing Assets/Asphalt_materials/Textures/Asphalt_texture14/NormalMap-14.png using Guid(eec8eac57a9174f838123d67afba1f51) Importer(815301076,1909f56bfc062723c751e8b465ee728b)  -> (artifact id: 'dda08210c6170f1aac8760950766b548') in 0.011535 seconds 
========================================================================
Received Import Request.
  Time since last request: 0.000331 seconds.
  path: Assets/Asphalt_materials/Textures/Asphalt_texture14/Asphalt_texture_14.png
  artifactKey: Guid(5c3221ba2a5204f61a050f40d01dfa3a) Importer(815301076,1909f56bfc062723c751e8b465ee728b)
Start importing Assets/Asphalt_materials/Textures/Asphalt_texture14/Asphalt_texture_14.png using Guid(5c3221ba2a5204f61a050f40d01dfa3a) Importer(815301076,1909f56bfc062723c751e8b465ee728b)  -> (artifact id: 'daeebdf24b8bf03a47da0e361b05b6f7') in 0.009890 seconds 
========================================================================
Received Import Request.
  Time since last request: 0.000192 seconds.
  path: Assets/Asphalt_materials/Textures/Asphalt_texture14/DisplacementMap-14.png
  artifactKey: Guid(2773dc2e49f654d04afaf21a5bd52995) Importer(815301076,1909f56bfc062723c751e8b465ee728b)
Start importing Assets/Asphalt_materials/Textures/Asphalt_texture14/DisplacementMap-14.png using Guid(2773dc2e49f654d04afaf21a5bd52995) Importer(815301076,1909f56bfc062723c751e8b465ee728b)  -> (artifact id: '1977226597c72a48f116134aa6c03406') in 0.007965 seconds 
========================================================================
Received Prepare
Registering precompiled user dll's ...
Registered in 0.004517 seconds.
Begin MonoManager ReloadAssembly
Native extension for WindowsStandalone target not found
Native extension for OSXStandalone target not found
Refreshing native plugins compatible for Editor in 0.97 ms, found 3 plugins.
Preloading 0 native plugins for Editor in 0.00 ms.
2022-04-16 00:38:22.256 Unity[10332:1674827] NSEventModifierFlagFunction specified to -setKeyEquivalentModifierMask: for item <NSMenuItem: 0x600001f15f80 Font Asset, ke='Command-F12'>, but is only supported for system-provided menu items; will not be used
Mono: successfully reloaded assembly
- Completed reload, in  3.433 seconds
Domain Reload Profiling:
	ReloadAssembly (3438ms)
		BeginReloadAssembly (591ms)
			ExecutionOrderSort (0ms)
			DisableScriptedObjects (76ms)
			BackupInstance (0ms)
			ReleaseScriptingObjects (0ms)
			CreateAndSetChildDomain (216ms)
		EndReloadAssembly (2713ms)
			LoadAssemblies (453ms)
			RebuildTransferFunctionScriptingTraits (1ms)
			SetupTypeCache (476ms)
			ReleaseScriptCaches (1ms)
			RebuildScriptCaches (56ms)
			SetupLoadedEditorAssemblies (1483ms)
				LogAssemblyErrors (0ms)
				InitializePlatformSupportModulesInManaged (19ms)
				SetLoadedEditorAssemblies (2ms)
				RefreshPlugins (1ms)
				BeforeProcessingInitializeOnLoad (449ms)
				ProcessInitializeOnLoadAttributes (890ms)
				ProcessInitializeOnLoadMethodAttributes (120ms)
				AfterProcessingInitializeOnLoad (1ms)
				EditorAssembliesLoaded (1ms)
			ExecutionOrderSort2 (0ms)
			AwakeInstancesAfterBackupRestoration (47ms)
Platform modules already initialized, skipping
Refreshing native plugins compatible for Editor in 0.74 ms, found 3 plugins.
Preloading 0 native plugins for Editor in 0.00 ms.
Unloading 2752 Unused Serialized files (Serialized files now loaded: 0)
System memory in use before: 246.5 MB.
System memory in use after: 246.6 MB.

Unloading 55 unused Assets to reduce memory usage. Loaded Objects now: 3229.
Total: 6.737958 ms (FindLiveObjects: 0.117458 ms CreateObjectMapping: 0.065208 ms MarkObjects: 6.422875 ms  DeleteObjects: 0.131250 ms)

AssetImportParameters requested are different than current active one (requested -> active):
  custom:video-decoder-ogg-theora: a1e56fd34408186e4bbccfd4996cb3dc -> 
  custom:container-muxer-webm: aa71ff27fc2769a1b78a27578f13a17b -> 
  custom:container-demuxer-webm: 4f35f7cbe854078d1ac9338744f61a02 -> 
  custom:container-demuxer-ogg: 62fdf1f143b41e24485cea50d1cbac27 -> 
  custom:video-encoder-webm-vp8: eb34c28f22e8b96e1ab97ce403110664 -> 
  custom:framework-osx-AVFoundation: e770b220cccbd017edd2c1fefb359320 -> 
  custom:video-decoder-webm-vp8: 9c59270c3fd7afecdb556c50c9e8de78 -> 
  custom:audio-decoder-ogg-vorbis: bf7c407c2cedff20999df2af8eb42d56 -> 
  custom:audio-encoder-webm-vorbis: bf7c407c2cedff20999df2af8eb42d56 -> 
========================================================================
Received Prepare
Registering precompiled user dll's ...
Registered in 0.004308 seconds.
Begin MonoManager ReloadAssembly
Native extension for WindowsStandalone target not found
Native extension for OSXStandalone target not found
Refreshing native plugins compatible for Editor in 1.48 ms, found 3 plugins.
Preloading 0 native plugins for Editor in 0.00 ms.
2022-04-16 00:40:06.627 Unity[10332:1674827] NSEventModifierFlagFunction specified to -setKeyEquivalentModifierMask: for item <NSMenuItem: 0x600001f16ae0 Font Asset, ke='Command-F12'>, but is only supported for system-provided menu items; will not be used
Mono: successfully reloaded assembly
- Completed reload, in  3.087 seconds
Domain Reload Profiling:
	ReloadAssembly (3091ms)
		BeginReloadAssembly (364ms)
			ExecutionOrderSort (0ms)
			DisableScriptedObjects (71ms)
			BackupInstance (0ms)
			ReleaseScriptingObjects (0ms)
			CreateAndSetChildDomain (120ms)
		EndReloadAssembly (2604ms)
			LoadAssemblies (300ms)
			RebuildTransferFunctionScriptingTraits (0ms)
			SetupTypeCache (432ms)
			ReleaseScriptCaches (10ms)
			RebuildScriptCaches (61ms)
			SetupLoadedEditorAssemblies (1471ms)
				LogAssemblyErrors (0ms)
				InitializePlatformSupportModulesInManaged (21ms)
				SetLoadedEditorAssemblies (1ms)
				RefreshPlugins (2ms)
				BeforeProcessingInitializeOnLoad (301ms)
				ProcessInitializeOnLoadAttributes (1010ms)
				ProcessInitializeOnLoadMethodAttributes (136ms)
				AfterProcessingInitializeOnLoad (1ms)
				EditorAssembliesLoaded (0ms)
			ExecutionOrderSort2 (0ms)
			AwakeInstancesAfterBackupRestoration (54ms)
Platform modules already initialized, skipping
Refreshing native plugins compatible for Editor in 0.84 ms, found 3 plugins.
Preloading 0 native plugins for Editor in 0.00 ms.
Unloading 2752 Unused Serialized files (Serialized files now loaded: 0)
System memory in use before: 246.8 MB.
System memory in use after: 246.8 MB.

Unloading 55 unused Assets to reduce memory usage. Loaded Objects now: 3232.
Total: 8.641875 ms (FindLiveObjects: 0.257000 ms CreateObjectMapping: 0.135000 ms MarkObjects: 7.304584 ms  DeleteObjects: 0.943334 ms)

AssetImportParameters requested are different than current active one (requested -> active):
  custom:video-decoder-ogg-theora: a1e56fd34408186e4bbccfd4996cb3dc -> 
  custom:container-muxer-webm: aa71ff27fc2769a1b78a27578f13a17b -> 
  custom:container-demuxer-webm: 4f35f7cbe854078d1ac9338744f61a02 -> 
  custom:container-demuxer-ogg: 62fdf1f143b41e24485cea50d1cbac27 -> 
  custom:video-encoder-webm-vp8: eb34c28f22e8b96e1ab97ce403110664 -> 
  custom:framework-osx-AVFoundation: e770b220cccbd017edd2c1fefb359320 -> 
  custom:video-decoder-webm-vp8: 9c59270c3fd7afecdb556c50c9e8de78 -> 
  custom:audio-decoder-ogg-vorbis: bf7c407c2cedff20999df2af8eb42d56 -> 
  custom:audio-encoder-webm-vorbis: bf7c407c2cedff20999df2af8eb42d56 -> 
========================================================================
Received Prepare
Registering precompiled user dll's ...
Registered in 0.004232 seconds.
Begin MonoManager ReloadAssembly
Native extension for WindowsStandalone target not found
Native extension for OSXStandalone target not found
Refreshing native plugins compatible for Editor in 0.81 ms, found 3 plugins.
Preloading 0 native plugins for Editor in 0.00 ms.
2022-04-16 00:41:52.157 Unity[10332:1674827] NSEventModifierFlagFunction specified to -setKeyEquivalentModifierMask: for item <NSMenuItem: 0x600001f15f80 Font Asset, ke='Command-F12'>, but is only supported for system-provided menu items; will not be used
Mono: successfully reloaded assembly
- Completed reload, in  3.218 seconds
Domain Reload Profiling:
	ReloadAssembly (3223ms)
		BeginReloadAssembly (461ms)
			ExecutionOrderSort (0ms)
			DisableScriptedObjects (67ms)
			BackupInstance (0ms)
			ReleaseScriptingObjects (0ms)
			CreateAndSetChildDomain (137ms)
		EndReloadAssembly (2639ms)
			LoadAssemblies (390ms)
			RebuildTransferFunctionScriptingTraits (0ms)
			SetupTypeCache (364ms)
			ReleaseScriptCaches (1ms)
			RebuildScriptCaches (54ms)
			SetupLoadedEditorAssemblies (1583ms)
				LogAssemblyErrors (0ms)
				InitializePlatformSupportModulesInManaged (20ms)
				SetLoadedEditorAssemblies (1ms)
				RefreshPlugins (1ms)
				BeforeProcessingInitializeOnLoad (293ms)
				ProcessInitializeOnLoadAttributes (1099ms)
				ProcessInitializeOnLoadMethodAttributes (167ms)
				AfterProcessingInitializeOnLoad (1ms)
				EditorAssembliesLoaded (0ms)
			ExecutionOrderSort2 (0ms)
			AwakeInstancesAfterBackupRestoration (49ms)
Platform modules already initialized, skipping
Refreshing native plugins compatible for Editor in 0.82 ms, found 3 plugins.
Preloading 0 native plugins for Editor in 0.00 ms.
Unloading 2752 Unused Serialized files (Serialized files now loaded: 0)
System memory in use before: 246.9 MB.
System memory in use after: 247.0 MB.

Unloading 55 unused Assets to reduce memory usage. Loaded Objects now: 3235.
Total: 7.568916 ms (FindLiveObjects: 0.174958 ms CreateObjectMapping: 0.142916 ms MarkObjects: 7.068959 ms  DeleteObjects: 0.181166 ms)

AssetImportParameters requested are different than current active one (requested -> active):
  custom:video-decoder-ogg-theora: a1e56fd34408186e4bbccfd4996cb3dc -> 
  custom:container-muxer-webm: aa71ff27fc2769a1b78a27578f13a17b -> 
  custom:container-demuxer-webm: 4f35f7cbe854078d1ac9338744f61a02 -> 
  custom:container-demuxer-ogg: 62fdf1f143b41e24485cea50d1cbac27 -> 
  custom:video-encoder-webm-vp8: eb34c28f22e8b96e1ab97ce403110664 -> 
  custom:framework-osx-AVFoundation: e770b220cccbd017edd2c1fefb359320 -> 
  custom:video-decoder-webm-vp8: 9c59270c3fd7afecdb556c50c9e8de78 -> 
  custom:audio-decoder-ogg-vorbis: bf7c407c2cedff20999df2af8eb42d56 -> 
  custom:audio-encoder-webm-vorbis: bf7c407c2cedff20999df2af8eb42d56 -> 
