Using pre-set license
Built from '2020.3/staging' branch; Version is '2020.3.32f1 (12f8b0834f07) revision 1243312'; Using compiler version '192528614'; Build Type 'Release'
OS: 'Windows 10  (10.0.19044) 64bit Professional' Language: 'ru' Physical Memory: 6019 MB
BatchMode: 1, IsHumanControllingUs: 0, StartBugReporterOnCrash: 0, Is64bit: 1, IsPro: 0

COMMAND LINE ARGUMENTS:
C:\Program Files\Unity\Hub\Editor\2020.3.32f1\Editor\Unity.exe
-adb2
-batchMode
-noUpm
-name
AssetImportWorker0
-projectPath
C:/Users/Dengo/Desktop/BPGameOfThree/Game bp
-logFile
Logs/AssetImportWorker0.log
-srvPort
53238
Successfully changed project path to: C:/Users/Dengo/Desktop/BPGameOfThree/Game bp
C:/Users/Dengo/Desktop/BPGameOfThree/Game bp
Using Asset Import Pipeline V2.
